<?xml version="1.0" encoding="UTF-8"?>
<coverage generated="1602256350182" clover="3.2.0">
  <project timestamp="1602256350183" name="All files">
    <metrics statements="17" coveredstatements="11" conditionals="2" coveredconditionals="1" methods="6" coveredmethods="5" elements="25" coveredelements="17" complexity="0" loc="17" ncloc="17" packages="1" files="3" classes="3"/>
    <file name="ChargeStation.js" path="/Users/isabellaaston/Desktop/WhiteHat/scooterHire/ChargeStation.js">
      <metrics statements="12" coveredstatements="6" conditionals="2" coveredconditionals="1" methods="4" coveredmethods="3"/>
      <line num="3" count="2" type="stmt"/>
      <line num="4" count="2" type="stmt"/>
      <line num="8" count="1" type="stmt"/>
      <line num="12" count="1" type="cond" truecount="1" falsecount="1"/>
      <line num="13" count="1" type="stmt"/>
      <line num="14" count="0" type="stmt"/>
      <line num="15" count="0" type="stmt"/>
      <line num="16" count="0" type="stmt"/>
      <line num="18" count="0" type="stmt"/>
      <line num="22" count="0" type="stmt"/>
      <line num="23" count="0" type="stmt"/>
      <line num="27" count="1" type="stmt"/>
    </file>
    <file name="Scooter.js" path="/Users/isabellaaston/Desktop/WhiteHat/scooterHire/Scooter.js">
      <metrics statements="2" coveredstatements="2" conditionals="0" coveredconditionals="0" methods="1" coveredmethods="1"/>
      <line num="3" count="4" type="stmt"/>
      <line num="7" count="3" type="stmt"/>
    </file>
    <file name="User.js" path="/Users/isabellaaston/Desktop/WhiteHat/scooterHire/User.js">
      <metrics statements="3" coveredstatements="3" conditionals="0" coveredconditionals="0" methods="1" coveredmethods="1"/>
      <line num="3" count="2" type="stmt"/>
      <line num="4" count="2" type="stmt"/>
      <line num="9" count="2" type="stmt"/>
    </file>
  </project>
</coverage>
